<?xml version='1.0' encoding='UTF-8'?>
<testsuite hostname="DESKTOP-OF6IHDR" name="PlayerTest" tests="4" errors="0" failures="0" skipped="0" time="0.685" timestamp="2024-02-25T21:12:50">
                     <properties>
[...]
</properties>
                     <testcase classname="PlayerTest" name="testPlayerAvatarConfig" time="0.623">
                                                 
                                               </testcase><testcase classname="PlayerTest" name="testPlayerStatics" time="0.026">
                                                 
                                               </testcase><testcase classname="PlayerTest" name="testPlayerCardManager" time="0.014">
                                                 
                                               </testcase><testcase classname="PlayerTest" name="testPlayerAvatar" time="0.022">
                                                 
                                               </testcase>
                     <system-out><![CDATA[]]></system-out>
                     <system-err><![CDATA[]]></system-err>
                   </testsuite>